#
# A fatal error has been detected by the Java Runtime Environment:
#
#  Internal Error (javaClasses.cpp:129), pid=7480, tid=7720
#  fatal error: Invalid layout of preloaded class
#
# JRE version: 7.0_07-b11
# Java VM: Java HotSpot(TM) Client VM (23.3-b01 mixed mode windows-x86 )
# Failed to write core dump. Minidumps are not enabled by default on client versions of Windows
#
# If you would like to submit a bug report, please visit:
#   http://bugreport.sun.com/bugreport/crash.jsp
#

---------------  T H R E A D  ---------------

Current thread (0x01aabc00):  JavaThread "Unknown thread" [_thread_in_vm, id=7720, stack(0x00420000,0x00470000)]

Stack: [0x00420000,0x00470000],  sp=0x0046f93c,  free space=318k
Native frames: (J=compiled Java code, j=interpreted, Vv=VM code, C=native code)
V  [jvm.dll+0x16f2f1]
V  [jvm.dll+0x169496]
V  [jvm.dll+0x2082f]
V  [jvm.dll+0x208b6]
V  [jvm.dll+0x2e64d]
V  [jvm.dll+0x2e8f9]
V  [jvm.dll+0x77d01]
V  [jvm.dll+0x780bb]
V  [jvm.dll+0x1290e1]
V  [jvm.dll+0x149b8a]
V  [jvm.dll+0xa997f]
C  [javaw.exe+0x1359]
C  [javaw.exe+0x1dbb]
C  [javaw.exe+0xa0eb]
C  [javaw.exe+0xa175]
C  [kernel32.dll+0x51154]  BaseThreadInitThunk+0x12
C  [ntdll.dll+0x5b299]  RtlInitializeExceptionChain+0x63
C  [ntdll.dll+0x5b26c]  RtlInitializeExceptionChain+0x36


---------------  P R O C E S S  ---------------

Java Threads: ( => current thread )

Other Threads:

=>0x01aabc00 (exited) JavaThread "Unknown thread" [_thread_in_vm, id=7720, stack(0x00420000,0x00470000)]

VM state:not at safepoint (not fully initialized)

VM Mutex/Monitor currently owned by a thread: None

GC Heap History (0 events):
No events

Deoptimization events (0 events):
No events

Internal exceptions (0 events):
No events

Events (10 events):
Event: 0.359 loading class 0x011a4448 done
Event: 0.360 loading class 0x011a2908 done
Event: 0.360 loading class 0x011a28e0
Event: 0.360 loading class 0x012172d8
Event: 0.360 loading class 0x012172d8 done
Event: 0.360 loading class 0x01217310
Event: 0.374 loading class 0x01217310 done
Event: 0.374 loading class 0x0120d520
Event: 0.374 loading class 0x0120d520 done
Event: 0.374 loading class 0x011a28e0 done


Dynamic libraries:
0x00280000 - 0x002af000 	C:\Program Files\Java\jre7\bin\javaw.exe
0x772f0000 - 0x7742c000 	C:\Windows\SYSTEM32\ntdll.dll
0x75bf0000 - 0x75cc4000 	C:\Windows\system32\kernel32.dll
0x75310000 - 0x7535b000 	C:\Windows\system32\KERNELBASE.dll
0x77250000 - 0x772f0000 	C:\Windows\system32\ADVAPI32.dll
0x756b0000 - 0x7575c000 	C:\Windows\system32\msvcrt.dll
0x754d0000 - 0x754e9000 	C:\Windows\SYSTEM32\sechost.dll
0x75cd0000 - 0x75d71000 	C:\Windows\system32\RPCRT4.dll
0x75fa0000 - 0x76069000 	C:\Windows\system32\USER32.dll
0x75ba0000 - 0x75bee000 	C:\Windows\system32\GDI32.dll
0x75b00000 - 0x75b0a000 	C:\Windows\system32\LPK.dll
0x758a0000 - 0x7593d000 	C:\Windows\system32\USP10.dll
0x74080000 - 0x7421e000 	C:\Windows\WinSxS\x86_microsoft.windows.common-controls_6595b64144ccf1df_6.0.7600.16661_none_420fe3fa2b8113bd\COMCTL32.dll
0x75aa0000 - 0x75af7000 	C:\Windows\system32\SHLWAPI.dll
0x760a0000 - 0x760bf000 	C:\Windows\system32\IMM32.DLL
0x76260000 - 0x7632c000 	C:\Windows\system32\MSCTF.dll
0x631b0000 - 0x6326e000 	C:\Program Files\Java\jre7\bin\msvcr100.dll
0x54ca0000 - 0x54fec000 	C:\Program Files\Java\jre7\bin\client\jvm.dll
0x62980000 - 0x62987000 	C:\Windows\system32\WSOCK32.dll
0x77460000 - 0x77495000 	C:\Windows\system32\WS2_32.dll
0x77430000 - 0x77436000 	C:\Windows\system32\NSI.dll
0x752c0000 - 0x752f2000 	C:\Windows\system32\WINMM.dll
0x77450000 - 0x77455000 	C:\Windows\system32\PSAPI.DLL
0x74060000 - 0x7406c000 	C:\Program Files\Java\jre7\bin\verify.dll
0x73220000 - 0x73240000 	C:\Program Files\Java\jre7\bin\java.dll
0x6bf50000 - 0x6bf7a000 	C:\Program Files\Java\jre7\bin\jdwp.dll
0x74070000 - 0x74077000 	C:\Program Files\Java\jre7\bin\npt.dll
0x73200000 - 0x73213000 	C:\Program Files\Java\jre7\bin\zip.dll
0x70da0000 - 0x70e8b000 	C:\Windows\system32\dbghelp.dll

VM Arguments:
jvm_args: -agentlib:jdwp=transport=dt_socket,suspend=y,address=localhost:28531 -Dfile.encoding=GBK -Xbootclasspath:E:\02-softs\adt-bundle-windows-x86-20130514\sdk\platforms\android-16\android.jar 
java_command: com.Ving.knowthat.util.Server
Launcher Type: SUN_STANDARD

Environment Variables:
CLASSPATH=.;C:\Program Files\Java\jre7\lib\ext\QTJava.zip
PATH=C:/Program Files/Java/jre7/bin/client;C:/Program Files/Java/jre7/bin;C:/Program Files/Java/jre7/lib/i386;C:\Program Files\AMD APP\bin\x86;C:\Program Files\Intel\iCLS Client\;C:\Windows\system32;C:\Windows;C:\Windows\System32\Wbem;C:\Windows\System32\WindowsPowerShell\v1.0\;C:\Program Files\Common Files\Thunder Network\KanKan\Codecs;C:\Program Files\Intel\Intel(R) Management Engine Components\DAL;C:\Program Files\Intel\Intel(R) Management Engine Components\IPT;C:\Program Files\ATI Technologies\ATI.ACE\Core-Static;D:\Program Files\Android\android-sdk\tools;D:\Program Files\Android\android-sdk\platform-tools;C:\cygwin\bin;C:\Program Files\Pure Codec\QTSystem\;C:\Program Files\TortoiseSVN\bin;C:\Program Files\Microsoft\Web Platform Installer\;C:\Program Files\Microsoft ASP.NET\ASP.NET Web Pages\v1.0\;C:\Program Files\Windows Kits\8.0\Windows Performance Toolkit\;C:\Program Files\Microsoft SQL Server\110\Tools\Binn\;E:\02-softs\adt-bundle-windows-x86-20130514\sdk\platform-tools;E:\02-softs\adt-bundle-windows-x86-20130514\sdk\tools;E:\02-softs\adt-bundle-windows-x86-20130514\eclipse;
USERNAME=Administrator
OS=Windows_NT
PROCESSOR_IDENTIFIER=x86 Family 6 Model 42 Stepping 7, GenuineIntel



---------------  S Y S T E M  ---------------

OS: Windows 7 Build 7600 

CPU:total 4 (2 cores per cpu, 2 threads per core) family 6 model 42 stepping 7, cmov, cx8, fxsr, mmx, sse, sse2, sse3, ssse3, sse4.1, sse4.2, popcnt, ht, tsc, tscinvbit

Memory: 4k page, physical 3649228k(1460084k free), swap 7296692k(4058600k free)

vm_info: Java HotSpot(TM) Client VM (23.3-b01) for windows-x86 JRE (1.7.0_07-b11), built on Sep  7 2012 01:40:56 by "java_re" with unknown MS VC++:1600

time: Sun Aug 04 10:34:44 2013
elapsed time: 0 seconds

